<?xml version="1.0" encoding="UTF-8"?>
<!-- Generated by org.testng.reporters.JUnitXMLReporter -->
<testsuite ignored="2" hostname="LAPTOP-IUJNIELA" failures="0" tests="4" name="Test" time="0.048" errors="0" timestamp="2023-06-07T11:50:42 IST">
  <testcase classname="Sample.Example1" name="ex" time="0.006"/>
  <testcase classname="Sample.Example1" name="exa" time="0.001"/>
  <testcase classname="Sample.Example2" name="testmethod" time="0.001"/>
  <testcase classname="Sample.Test1" name="test2" time="0.005"/>
  <testcase classname="Sample.Test2" name="test2" time="0.0">
    <ignored/>
  </testcase> <!-- test2 -->
  <testcase classname="Sample.Test1" name="test1" time="0.0">
    <ignored/>
  </testcase> <!-- test1 -->
</testsuite> <!-- Test -->
