<?xml version="1.0" encoding="UTF-8"?>
<testng-results ignored="0" total="2" passed="2" failed="0" skipped="0">
  <reporter-output>
  </reporter-output>
  <suite started-at="2023-06-13T12:43:20 IST" name="Default suite" finished-at="2023-06-13T12:43:20 IST" duration-ms="59">
    <groups>
      <group name="regression">
        <method signature="Example1.ex()[pri:0, instance:Sample.Example1@4bb33f74]" name="ex" class="Sample.Example1"/>
        <method signature="Example1.exa()[pri:0, instance:Sample.Example1@4bb33f74]" name="exa" class="Sample.Example1"/>
      </group> <!-- regression -->
    </groups>
    <test started-at="2023-06-13T12:43:20 IST" name="Default test" finished-at="2023-06-13T12:43:20 IST" duration-ms="59">
      <class name="Sample.Example1">
        <test-method signature="ex()[pri:0, instance:Sample.Example1@4bb33f74]" started-at="2023-06-13T12:43:20 IST" name="ex" finished-at="2023-06-13T12:43:20 IST" duration-ms="7" status="PASS">
          <reporter-output>
          </reporter-output>
        </test-method> <!-- ex -->
        <test-method signature="exa()[pri:0, instance:Sample.Example1@4bb33f74]" started-at="2023-06-13T12:43:20 IST" name="exa" finished-at="2023-06-13T12:43:20 IST" duration-ms="3" status="PASS">
          <reporter-output>
          </reporter-output>
        </test-method> <!-- exa -->
      </class> <!-- Sample.Example1 -->
    </test> <!-- Default test -->
  </suite> <!-- Default suite -->
</testng-results>
